<?xml version="1.0" encoding="UTF-8"?>
<!-- Generated by org.testng.reporters.JUnitXMLReporter -->
<testsuite ignored="0" hostname="7KZ0Q13" failures="1" tests="3" name="Test1" time="43.078" errors="0" timestamp="2024-12-26T16:22:30 IST">
  <testcase classname="io.cucumber.testng.AbstractTestNGCucumberTests" name="runScenario" time="16.584">
    <failure type="org.openqa.selenium.ElementClickInterceptedException" message="element click intercepted: Element &amp;lt;span class=&amp;quot;roboto-medium ng-binding&amp;quot;&amp;gt;...&amp;lt;/span&amp;gt; is not clickable at point (107, 41). Other element would receive the click: &amp;lt;div class=&amp;quot;PopUp&amp;quot; style=&amp;quot;display: block;&amp;quot;&amp;gt;...&amp;lt;/div&amp;gt;
  (Session info: chrome=131.0.6778.205)
Build info: version: &amp;apos;4.10.0&amp;apos;, revision: &amp;apos;c14d967899&amp;apos;
System info: os.name: &amp;apos;Windows 11&amp;apos;, os.arch: &amp;apos;amd64&amp;apos;, os.version: &amp;apos;10.0&amp;apos;, java.version: &amp;apos;21&amp;apos;
Driver info: org.openqa.selenium.chrome.ChromeDriver
Command: [b3edc4fe5833a459cd394f94973a2a19, clickElement {id=f.508328439405E19826A1F0B0185B944F.d.02A4DCFA74D2EDFBADD8C3DE4A851DE6.e.97}]
Capabilities {acceptInsecureCerts: false, browserName: chrome, browserVersion: 131.0.6778.205, chrome: {chromedriverVersion: 131.0.6778.86 (ee338c5c68e9..., userDataDir: C:\Users\10716902\AppData\L...}, fedcm:accounts: true, goog:chromeOptions: {debuggerAddress: localhost:50094}, networkConnectionEnabled: false, pageLoadStrategy: normal, platformName: windows, proxy: Proxy(), se:cdp: ws://localhost:50094/devtoo..., se:cdpVersion: 131.0.6778.205, setWindowRect: true, strictFileInteractability: false, timeouts: {implicit: 0, pageLoad: 300000, script: 30000}, unhandledPromptBehavior: dismiss and notify, webauthn:extension:credBlob: true, webauthn:extension:largeBlob: true, webauthn:extension:minPinLength: true, webauthn:extension:prf: true, webauthn:virtualAuthenticators: true}
Element: [[ChromeDriver: chrome on windows (b3edc4fe5833a459cd394f94973a2a19)] -&amp;gt; xpath: //*[text()=&amp;apos;dvantage&amp;apos;]]
Session ID: b3edc4fe5833a459cd394f94973a2a19">
      <![CDATA[org.openqa.selenium.ElementClickInterceptedException: element click intercepted: Element <span class="roboto-medium ng-binding">...</span> is not clickable at point (107, 41). Other element would receive the click: <div class="PopUp" style="display: block;">...</div>
  (Session info: chrome=131.0.6778.205)
Build info: version: '4.10.0', revision: 'c14d967899'
System info: os.name: 'Windows 11', os.arch: 'amd64', os.version: '10.0', java.version: '21'
Driver info: org.openqa.selenium.chrome.ChromeDriver
Command: [b3edc4fe5833a459cd394f94973a2a19, clickElement {id=f.508328439405E19826A1F0B0185B944F.d.02A4DCFA74D2EDFBADD8C3DE4A851DE6.e.97}]
Capabilities {acceptInsecureCerts: false, browserName: chrome, browserVersion: 131.0.6778.205, chrome: {chromedriverVersion: 131.0.6778.86 (ee338c5c68e9..., userDataDir: C:\Users\10716902\AppData\L...}, fedcm:accounts: true, goog:chromeOptions: {debuggerAddress: localhost:50094}, networkConnectionEnabled: false, pageLoadStrategy: normal, platformName: windows, proxy: Proxy(), se:cdp: ws://localhost:50094/devtoo..., se:cdpVersion: 131.0.6778.205, setWindowRect: true, strictFileInteractability: false, timeouts: {implicit: 0, pageLoad: 300000, script: 30000}, unhandledPromptBehavior: dismiss and notify, webauthn:extension:credBlob: true, webauthn:extension:largeBlob: true, webauthn:extension:minPinLength: true, webauthn:extension:prf: true, webauthn:virtualAuthenticators: true}
Element: [[ChromeDriver: chrome on windows (b3edc4fe5833a459cd394f94973a2a19)] -> xpath: //*[text()='dvantage']]
Session ID: b3edc4fe5833a459cd394f94973a2a19
at org.openqa.selenium.remote.codec.w3c.W3CHttpResponseCodec.createException(W3CHttpResponseCodec.java:199)
at org.openqa.selenium.remote.codec.w3c.W3CHttpResponseCodec.decode(W3CHttpResponseCodec.java:132)
at org.openqa.selenium.remote.codec.w3c.W3CHttpResponseCodec.decode(W3CHttpResponseCodec.java:51)
at org.openqa.selenium.remote.HttpCommandExecutor.execute(HttpCommandExecutor.java:191)
at org.openqa.selenium.remote.service.DriverCommandExecutor.invokeExecute(DriverCommandExecutor.java:196)
at org.openqa.selenium.remote.service.DriverCommandExecutor.execute(DriverCommandExecutor.java:171)
at org.openqa.selenium.remote.RemoteWebDriver.execute(RemoteWebDriver.java:531)
at org.openqa.selenium.remote.RemoteWebElement.execute(RemoteWebElement.java:242)
at org.openqa.selenium.remote.RemoteWebElement.click(RemoteWebElement.java:77)
at StepDefinition.StepDefs.user_is_on_application_welcome_page(StepDefs.java:91)
at âœ½.user is on application welcome page(file:///C:/Users/10716902/eclipse-workspace/AutomationPOC2/src/test/resources/Features/Launch.feature:21)
... Removed 3 stack frames]]>
    </failure>
  </testcase> <!-- runScenario -->
  <testcase classname="io.cucumber.testng.AbstractTestNGCucumberTests" name="runScenario" time="29.151"/>
  <testcase classname="io.cucumber.testng.AbstractTestNGCucumberTests" name="runScenario" time="41.02"/>
</testsuite> <!-- Test1 -->
