<?xml version="1.0" encoding="UTF-8"?>
<!-- Generated by org.testng.reporters.JUnitReportReporter -->
<testsuite hostname="7KZ0Q13" failures="0" tests="4" name="CucumberExecutor.FailedRunner" time="0.850" errors="4" timestamp="2024-12-17T19:49:01 IST" skipped="0">
  <testcase classname="CucumberExecutor.FailedRunner" name="runScenario" time="0.695">
    <error message="Cannot invoke &quot;org.openqa.selenium.WebDriver.manage()&quot; because &quot;StepDefinition.StepDefs.driver&quot; is null" type="java.lang.NullPointerException">
      <![CDATA[java.lang.NullPointerException: Cannot invoke "org.openqa.selenium.WebDriver.manage()" because "StepDefinition.StepDefs.driver" is null
at StepDefinition.StepDefs.userOpensTheBrowser(StepDefs.java:59)
at ✽.user opens the browser(file:///C:/Users/10716902/git/repository/TestAutomationPOCNew/src/test/resources/Features/Launch.feature:5)
]]>
    </error>
  </testcase> <!-- runScenario -->
  <system-out/>
  <testcase classname="CucumberExecutor.FailedRunner" name="runScenario" time="0.042">
    <error message="Cannot invoke &quot;org.openqa.selenium.WebDriver.manage()&quot; because &quot;StepDefinition.StepDefs.driver&quot; is null" type="java.lang.NullPointerException">
      <![CDATA[java.lang.NullPointerException: Cannot invoke "org.openqa.selenium.WebDriver.manage()" because "StepDefinition.StepDefs.driver" is null
at StepDefinition.StepDefs.userOpensTheBrowser(StepDefs.java:59)
at ✽.user opens the browser(file:///C:/Users/10716902/git/repository/TestAutomationPOCNew/src/test/resources/Features/UserRegistration.feature:7)
]]>
    </error>
  </testcase> <!-- runScenario -->
  <system-out/>
  <testcase classname="CucumberExecutor.FailedRunner" name="runScenario" time="0.062">
    <error message="Cannot invoke &quot;org.openqa.selenium.WebDriver.findElement(org.openqa.selenium.By)&quot; because &quot;StepDefinition.StepDefs.driver&quot; is null" type="java.lang.NullPointerException">
      <![CDATA[java.lang.NullPointerException: Cannot invoke "org.openqa.selenium.WebDriver.findElement(org.openqa.selenium.By)" because "StepDefinition.StepDefs.driver" is null
at StepDefinition.StepDefs.user_is_on_application_welcome_page(StepDefs.java:85)
at ✽.user is on application welcome page(file:///C:/Users/10716902/git/repository/TestAutomationPOCNew/src/test/resources/Features/Launch.feature:17)
]]>
    </error>
  </testcase> <!-- runScenario -->
  <system-out/>
  <testcase classname="CucumberExecutor.FailedRunner" name="runScenario" time="0.051">
    <error message="Cannot invoke &quot;org.openqa.selenium.WebDriver.findElement(org.openqa.selenium.By)&quot; because &quot;StepDefinition.StepDefs.driver&quot; is null" type="java.lang.NullPointerException">
      <![CDATA[java.lang.NullPointerException: Cannot invoke "org.openqa.selenium.WebDriver.findElement(org.openqa.selenium.By)" because "StepDefinition.StepDefs.driver" is null
at StepDefinition.StepDefs.user_is_on_application_welcome_page(StepDefs.java:85)
at ✽.user is on application welcome page(file:///C:/Users/10716902/git/repository/TestAutomationPOCNew/src/test/resources/Features/Launch.feature:25)
]]>
    </error>
  </testcase> <!-- runScenario -->
  <system-out/>
</testsuite> <!-- CucumberExecutor.FailedRunner -->
